  Source.cpp
C:\Users\user\source\repos\LZ77\LZ77\Source.cpp(101,13): warning C4473: "scanf_s": передано недостаточно аргументов для строки формата
C:\Users\user\source\repos\LZ77\LZ77\Source.cpp(101,13): message : заполнители и их параметры ожидают переменное число аргументов в количестве 2, но было предоставлено 1
C:\Users\user\source\repos\LZ77\LZ77\Source.cpp(101,13): message : отсутствующий вариативный аргумент "2" требуется для строки форматирования "%c"
C:\Users\user\source\repos\LZ77\LZ77\Source.cpp(101,13): message : этот аргумент используется в качестве размера буфера
C:\Users\user\source\repos\LZ77\LZ77\Source.cpp(107,13): warning C4473: "scanf_s": передано недостаточно аргументов для строки формата
C:\Users\user\source\repos\LZ77\LZ77\Source.cpp(107,13): message : заполнители и их параметры ожидают переменное число аргументов в количестве 2, но было предоставлено 1
C:\Users\user\source\repos\LZ77\LZ77\Source.cpp(107,13): message : отсутствующий вариативный аргумент "2" требуется для строки форматирования "%c"
C:\Users\user\source\repos\LZ77\LZ77\Source.cpp(107,13): message : этот аргумент используется в качестве размера буфера
C:\Users\user\source\repos\LZ77\LZ77\Source.cpp(157,35): warning C4244: =: преобразование "__int64" в "unsigned long", возможна потеря данных
C:\Users\user\source\repos\LZ77\LZ77\Source.cpp(410,12): warning C4473: "scanf_s": передано недостаточно аргументов для строки формата
C:\Users\user\source\repos\LZ77\LZ77\Source.cpp(410,12): message : заполнители и их параметры ожидают переменное число аргументов в количестве 2, но было предоставлено 1
C:\Users\user\source\repos\LZ77\LZ77\Source.cpp(410,12): message : отсутствующий вариативный аргумент "2" требуется для строки форматирования "%c"
C:\Users\user\source\repos\LZ77\LZ77\Source.cpp(410,12): message : этот аргумент используется в качестве размера буфера
  Создание кода
  2 of 157 functions ( 1.3%) were compiled, the rest were copied from previous compilation.
    0 functions were new in current compilation
    2 functions had inline decision re-evaluated but remain unchanged
  Создание кода завершено
  LZ77.vcxproj -> C:\Users\user\source\repos\LZ77\Release\LZ77.exe
